<?xml version="1.0" encoding="UTF-8"?>
<!-- Generated by org.testng.reporters.JUnitXMLReporter -->
<testsuite ignored="0" hostname="LAPTOP-9O5ARSSJ" failures="0" tests="3" name="Default test" time="52.369" errors="0" timestamp="2022-12-29T11:20:59 IST">
  <testcase classname="com.demo.seleniumTestNG.AppTest" name="testCase1" time="0.504"/>
  <testcase classname="com.demo.seleniumTestNG.AppTest" name="testCase2" time="0.36"/>
  <testcase classname="com.demo.seleniumTestNG.AppTest" name="testCase3" time="5.42"/>
</testsuite> <!-- Default test -->
